<?xml version="1.0" encoding="utf-8"?><testsuites name="pytest tests"><testsuite name="pytest" errors="0" failures="2" skipped="0" tests="67" time="14.875" timestamp="2026-08-03T14:29:51.222536+00:00" hostname="agent-env-ee1c0f7c-1a67-4d1e-9fbe-20d73ad71046"><testcase classname="tests.backend_test.TestReviews" name="test_create_review_valid" time="0.919" /><testcase classname="tests.backend_test.TestCoupons" name="test_create_coupon_percent" time="0.816" /><testcase classname="tests.backend_test.TestCoupons" name="test_create_coupon_flat" time="0.079" /><testcase classname="tests.backend_test.TestCoupons" name="test_duplicate_coupon_400" time="0.072" /><testcase classname="tests.backend_test.TestReviews" name="test_create_review_4" time="0.163" /><testcase classname="tests.backend_test.TestCoupons" name="test_list_coupons" time="0.071" /><testcase classname="tests.backend_test.TestCoupons" name="test_patch_coupon_toggle" time="0.276" /><testcase classname="tests.backend_test.TestReviews" name="test_create_review_invalid_rating" time="0.241" /><testcase classname="tests.backend_test.TestCoupons" name="test_public_validate_percent_with_cap" time="0.133" /><testcase classname="tests.backend_test.TestReviews" name="test_public_reviews_list_and_avg" time="0.125" /><testcase classname="tests.backend_test.TestCoupons" name="test_public_validate_percent_no_cap_hit" time="0.207" /><testcase classname="tests.backend_test.TestReviews" name="test_owner_reviews_auth" time="0.064" /><testcase classname="tests.backend_test.TestReviews" name="test_owner_reviews_requires_auth" time="0.120" /><testcase classname="tests.backend_test.TestReviews" name="test_public_restaurant_includes_reviews_summary" time="0.128" /><testcase classname="tests.backend_test.TestCoupons" name="test_public_validate_flat" time="0.165" /><testcase classname="tests.backend_test.TestCoupons" name="test_public_validate_below_min" time="0.286" /><testcase classname="tests.backend_test.TestCoupons" name="test_public_validate_invalid" time="0.155" /><testcase classname="tests.backend_test.TestAdminManagement" name="test_admin_stats" time="0.432" /><testcase classname="tests.backend_test.TestAdminManagement" name="test_admin_users_has_slug" time="0.076" /><testcase classname="tests.backend_test.TestCoupons" name="test_delete_coupon" time="0.181" /><testcase classname="tests.backend_test.TestAdminManagement" name="test_admin_patch_plan" time="0.113" /><testcase classname="tests.backend_test.TestAdminManagement" name="test_admin_suspend_and_block_login" time="0.519" /><testcase classname="tests.backend_test.TestFindOrCreateCategory" name="test_requires_auth" time="0.110" /><testcase classname="tests.backend_test.TestFindOrCreateCategory" name="test_empty_name_400" time="0.244" /><testcase classname="tests.backend_test.TestFindOrCreateCategory" name="test_create_new" time="0.072" /><testcase classname="tests.backend_test.TestFindOrCreateCategory" name="test_idempotent_same_name" time="0.069" /><testcase classname="tests.backend_test.TestAdminManagement" name="test_owner_cannot_access_admin" time="0.107" /><testcase classname="tests.backend_test.TestFindOrCreateCategory" name="test_case_insensitive_match" time="0.079" /><testcase classname="tests.backend_test.TestOwnerCRUD" name="test_restaurant_patch" time="0.061" /><testcase classname="tests.backend_test.TestPublic" name="test_public_restaurant" time="0.110" /><testcase classname="tests.backend_test.TestOwnerCRUD" name="test_category_crud" time="0.233" /><testcase classname="tests.backend_test.TestPublic" name="test_public_scan_increments" time="0.445" /><testcase classname="tests.backend_test.TestOwnerCRUD" name="test_item_crud" time="0.194" /><testcase classname="tests.backend_test.TestOwnerCRUD" name="test_table_crud" time="0.129" /><testcase classname="tests.backend_test.TestPublic" name="test_public_order_with_whatsapp" time="0.109" /><testcase classname="tests.backend_test.TestPublic" name="test_public_restaurant_404" time="0.123" /><testcase classname="tests.backend_test.TestOrdersEnhanced" name="test_order_below_min_400" time="0.177" /><testcase classname="tests.backend_test.TestBulkItems" name="test_requires_auth" time="0.121" /><testcase classname="tests.backend_test.TestOrdersEnhanced" name="test_order_with_coupon_gst_service" time="0.201"><failure message="AssertionError: {&quot;detail&quot;:&quot;Invalid or inactive coupon&quot;}&#10;assert 400 == 200&#10; +  where 400 = &lt;Response [400]&gt;.status_code">backend/tests/backend_test.py:581: in test_order_with_coupon_gst_service
    assert r.status_code == 200, r.text
E   AssertionError: {"detail":"Invalid or inactive coupon"}
E   assert 400 == 200
E    +  where 400 = &lt;Response [400]&gt;.status_code</failure></testcase><testcase classname="tests.backend_test.TestBulkItems" name="test_bulk_create_success" time="0.146" /><testcase classname="tests.backend_test.TestBulkItems" name="test_bulk_nonexistent_category_404" time="0.072" /><testcase classname="tests.backend_test.TestOrdersEnhanced" name="test_order_delivery_charge_applied" time="0.446" /><testcase classname="tests.backend_test.TestBulkItems" name="test_bulk_other_owner_category_404" time="0.864" /><testcase classname="tests.backend_test.TestOrdersEnhanced" name="test_order_when_closed_400" time="0.550" /><testcase classname="tests.backend_test.TestOwnerAuth" name="test_owner_register_creates_restaurant" time="0.071" /><testcase classname="tests.backend_test.TestAdminAuth" name="test_admin_login" time="0.355" /><testcase classname="tests.backend_test.TestOwnerAuth" name="test_owner_login" time="0.523" /><testcase classname="tests.backend_test.TestAdminAuth" name="test_admin_me" time="0.229" /><testcase classname="tests.backend_test.TestOwnerAuth" name="test_duplicate_email" time="0.138" /><testcase classname="tests.backend_test.TestAdminAuth" name="test_invalid_login" time="0.381" /><testcase classname="tests.backend_test.TestAITranslate" name="test_translate_requires_auth" time="0.130" /><testcase classname="tests.backend_test.TestAITranslate" name="test_translate_hindi" time="3.047" /><testcase classname="tests.backend_test.TestOrderStatus" name="test_update_status_valid" time="1.885" /><testcase classname="tests.backend_test.TestOrderStatus" name="test_update_status_invalid_400" time="0.072" /><testcase classname="tests.backend_test.TestOrderStatus" name="test_update_status_not_found" time="0.078" /><testcase classname="tests.backend_test.TestHealth" name="test_root" time="0.121" /><testcase classname="tests.backend_test.TestPlans" name="test_plans" time="0.120" /><testcase classname="tests.backend_test.TestPasswordReset" name="test_forgot_and_reset" time="3.567" /><testcase classname="tests.backend_test.TestAITranslate" name="test_translate_spanish" time="1.157" /><testcase classname="tests.backend_test.TestAIMenuFromPhoto" name="test_menu_from_photo_requires_auth" time="0.147" /><testcase classname="tests.backend_test.TestAIMenuFromPhoto" name="test_menu_from_photo_rejects_non_image" time="0.125" /><testcase classname="tests.backend_test.TestAIMenuFromPhoto" name="test_menu_from_photo_success_shape" time="0.125"><failure message="AssertionError: Internal Server Error&#10;assert 500 == 200&#10; +  where 500 = &lt;Response [500]&gt;.status_code">backend/tests/backend_test.py:712: in test_menu_from_photo_success_shape
    assert r.status_code == 200, r.text
E   AssertionError: Internal Server Error
E   assert 500 == 200
E    +  where 500 = &lt;Response [500]&gt;.status_code</failure></testcase><testcase classname="tests.backend_test.TestUpload" name="test_upload_and_fetch" time="0.852" /><testcase classname="tests.backend_test.TestAnalytics" name="test_owner_analytics" time="0.134" /><testcase classname="tests.backend_test.TestRestaurantProfileNewFields" name="test_patch_new_fields" time="0.076" /><testcase classname="tests.backend_test.TestCleanupCascade" name="test_delete_user_cascade" time="0.247" /><testcase classname="tests.backend_test.TestAI" name="test_ai_describe" time="2.747" /></testsuite></testsuites>