<?xml version="1.0" encoding="utf-8"?><testsuites name="pytest tests"><testsuite name="pytest" errors="0" failures="0" skipped="0" tests="26" time="11.434" timestamp="2026-08-03T13:24:59.859137+00:00" hostname="agent-env-ee1c0f7c-1a67-4d1e-9fbe-20d73ad71046"><testcase classname="tests.backend_test.TestAdminManagement" name="test_admin_stats" time="0.650" /><testcase classname="tests.backend_test.TestOwnerCRUD" name="test_restaurant_patch" time="0.647" /><testcase classname="tests.backend_test.TestOwnerCRUD" name="test_category_crud" time="0.351" /><testcase classname="tests.backend_test.TestOwnerCRUD" name="test_item_crud" time="0.203" /><testcase classname="tests.backend_test.TestAdminManagement" name="test_admin_users_has_slug" time="0.430" /><testcase classname="tests.backend_test.TestAdminManagement" name="test_admin_patch_plan" time="0.069" /><testcase classname="tests.backend_test.TestAdminManagement" name="test_admin_suspend_and_block_login" time="0.573" /><testcase classname="tests.backend_test.TestOwnerCRUD" name="test_table_crud" time="0.129" /><testcase classname="tests.backend_test.TestPublic" name="test_public_restaurant" time="0.281" /><testcase classname="tests.backend_test.TestPublic" name="test_public_scan_increments" time="0.578" /><testcase classname="tests.backend_test.TestAdminManagement" name="test_owner_cannot_access_admin" time="0.071" /><testcase classname="tests.backend_test.TestAdminAuth" name="test_admin_login" time="0.340" /><testcase classname="tests.backend_test.TestAdminAuth" name="test_admin_me" time="0.108" /><testcase classname="tests.backend_test.TestPublic" name="test_public_order_with_whatsapp" time="0.123" /><testcase classname="tests.backend_test.TestAdminAuth" name="test_invalid_login" time="0.338" /><testcase classname="tests.backend_test.TestPublic" name="test_public_restaurant_404" time="0.280" /><testcase classname="tests.backend_test.TestOwnerAuth" name="test_owner_register_creates_restaurant" time="0.070" /><testcase classname="tests.backend_test.TestHealth" name="test_root" time="0.126" /><testcase classname="tests.backend_test.TestOwnerAuth" name="test_owner_login" time="0.358" /><testcase classname="tests.backend_test.TestPlans" name="test_plans" time="0.304" /><testcase classname="tests.backend_test.TestOwnerAuth" name="test_duplicate_email" time="0.171" /><testcase classname="tests.backend_test.TestPasswordReset" name="test_forgot_and_reset" time="3.789" /><testcase classname="tests.backend_test.TestAnalytics" name="test_owner_analytics" time="0.075" /><testcase classname="tests.backend_test.TestUpload" name="test_upload_and_fetch" time="1.385" /><testcase classname="tests.backend_test.TestAI" name="test_ai_describe" time="3.523" /><testcase classname="tests.backend_test.TestCleanupCascade" name="test_delete_user_cascade" time="0.549" /></testsuite></testsuites>